[    0.000000] Linux version 4.15.0-212-generic (buildd@lcy02-amd64-083) (gcc version 7.5.0 (Ubuntu 7.5.0-3ubuntu1~18.04)) #223-Ubuntu SMP Tue May 23 13:09:22 UTC 2023 (Ubuntu 4.15.0-212.223-generic 4.15.18)
[    0.000000] Command line: BOOT_IMAGE=/boot/vmlinuz-4.15.0-212-generic root=LABEL=cloudimg-rootfs ro console=tty1 console=ttyS0
[    0.000000] KERNEL supported cpus:
[    0.000000]   Intel GenuineIntel
[    0.000000]   AMD AuthenticAMD
[    0.000000]   Centaur CentaurHauls
[    0.000000] [Firmware Bug]: TSC doesn't count with P0 frequency!
[    0.000000] x86/fpu: x87 FPU will use FXSAVE
[    0.000000] e820: BIOS-provided physical RAM map:
[    0.000000] BIOS-e820: [mem 0x0000000000000000-0x000000000009fbff] usable
[    0.000000] BIOS-e820: [mem 0x000000000009fc00-0x000000000009ffff] reserved
[    0.000000] BIOS-e820: [mem 0x00000000000f0000-0x00000000000fffff] reserved
[    0.000000] BIOS-e820: [mem 0x0000000000100000-0x000000003ffeffff] usable
[    0.000000] BIOS-e820: [mem 0x000000003fff0000-0x000000003fffffff] ACPI data
[    0.000000] BIOS-e820: [mem 0x00000000fec00000-0x00000000fec00fff] reserved
[    0.000000] BIOS-e820: [mem 0x00000000fee00000-0x00000000fee00fff] reserved
[    0.000000] BIOS-e820: [mem 0x00000000fffc0000-0x00000000ffffffff] reserved
[    0.000000] NX (Execute Disable) protection: active
[    0.000000] SMBIOS 2.5 present.
[    0.000000] DMI: innotek GmbH VirtualBox/VirtualBox, BIOS VirtualBox 12/01/2006
[    0.000000] Hypervisor detected: KVM
[    0.000000] e820: last_pfn = 0x3fff0 max_arch_pfn = 0x400000000
[    0.000000] MTRR: Disabled
[    0.000000] x86/PAT: MTRRs disabled, skipping PAT initialization too.
[    0.000000] CPU MTRRs all blank - virtualized system.
[    0.000000] x86/PAT: Configuration [0-7]: WB  WT  UC- UC  WB  WT  UC- UC  
[    0.000000] found SMP MP-table at [mem 0x0009fff0-0x0009ffff]
[    0.000000] Scanning 1 areas for low memory corruption
[    0.000000] RAMDISK: [mem 0x359cb000-0x36cdcfff]
[    0.000000] ACPI: Early table checksum verification disabled
[    0.000000] ACPI: RSDP 0x00000000000E0000 000024 (v02 VBOX  )
[    0.000000] ACPI: XSDT 0x000000003FFF0030 00003C (v01 VBOX   VBOXXSDT 00000001 ASL  00000061)
[    0.000000] ACPI: FACP 0x000000003FFF00F0 0000F4 (v04 VBOX   VBOXFACP 00000001 ASL  00000061)
[    0.000000] ACPI: DSDT 0x000000003FFF0610 002353 (v02 VBOX   VBOXBIOS 00000002 INTL 20100528)
[    0.000000] ACPI: FACS 0x000000003FFF0200 000040
[    0.000000] ACPI: FACS 0x000000003FFF0200 000040
[    0.000000] ACPI: APIC 0x000000003FFF0240 00005C (v02 VBOX   VBOXAPIC 00000001 ASL  00000061)
[    0.000000] ACPI: SSDT 0x000000003FFF02A0 00036C (v01 VBOX   VBOXCPUT 00000002 INTL 20100528)
[    0.000000] ACPI: Reserving FACP table memory at [mem 0x3fff00f0-0x3fff01e3]
[    0.000000] ACPI: Reserving DSDT table memory at [mem 0x3fff0610-0x3fff2962]
[    0.000000] ACPI: Reserving FACS table memory at [mem 0x3fff0200-0x3fff023f]
[    0.000000] ACPI: Reserving FACS table memory at [mem 0x3fff0200-0x3fff023f]
[    0.000000] ACPI: Reserving APIC table memory at [mem 0x3fff0240-0x3fff029b]
[    0.000000] ACPI: Reserving SSDT table memory at [mem 0x3fff02a0-0x3fff060b]
[    0.000000] No NUMA configuration found
[    0.000000] Faking a node at [mem 0x0000000000000000-0x000000003ffeffff]
[    0.000000] NODE_DATA(0) allocated [mem 0x3ffc5000-0x3ffeffff]
[    0.000000] kvm-clock: cpu 0, msr 0:3ff44001, primary cpu clock
[    0.000000] kvm-clock: Using msrs 4b564d01 and 4b564d00
[    0.000000] kvm-clock: using sched offset of 4429938642 cycles
[    0.000000] clocksource: kvm-clock: mask: 0xffffffffffffffff max_cycles: 0x1cd42e4dffb, max_idle_ns: 881590591483 ns
[    0.000000] Zone ranges:
[    0.000000]   DMA      [mem 0x0000000000001000-0x0000000000ffffff]
[    0.000000]   DMA32    [mem 0x0000000001000000-0x000000003ffeffff]
[    0.000000]   Normal   empty
[    0.000000]   Device   empty
[    0.000000] Movable zone start for each node
[    0.000000] Early memory node ranges
[    0.000000]   node   0: [mem 0x0000000000001000-0x000000000009efff]
[    0.000000]   node   0: [mem 0x0000000000100000-0x000000003ffeffff]
[    0.000000] Reserved but unavailable: 104 pages
[    0.000000] Initmem setup node 0 [mem 0x0000000000001000-0x000000003ffeffff]
[    0.000000] ACPI: PM-Timer IO Port: 0x4008
[    0.000000] IOAPIC[0]: apic_id 2, version 32, address 0xfec00000, GSI 0-23
[    0.000000] ACPI: INT_SRC_OVR (bus 0 bus_irq 0 global_irq 2 dfl dfl)
[    0.000000] ACPI: INT_SRC_OVR (bus 0 bus_irq 9 global_irq 9 low level)
[    0.000000] Using ACPI (MADT) for SMP configuration information
[    0.000000] smpboot: Allowing 2 CPUs, 0 hotplug CPUs
[    0.000000] PM: Registered nosave memory: [mem 0x00000000-0x00000fff]
[    0.000000] PM: Registered nosave memory: [mem 0x0009f000-0x0009ffff]
[    0.000000] PM: Registered nosave memory: [mem 0x000a0000-0x000effff]
[    0.000000] PM: Registered nosave memory: [mem 0x000f0000-0x000fffff]
[    0.000000] e820: [mem 0x40000000-0xfebfffff] available for PCI devices
[    0.000000] Booting paravirtualized kernel on KVM
[    0.000000] clocksource: refined-jiffies: mask: 0xffffffff max_cycles: 0xffffffff, max_idle_ns: 7645519600211568 ns
[    0.000000] setup_percpu: NR_CPUS:8192 nr_cpumask_bits:2 nr_cpu_ids:2 nr_node_ids:1
[    0.000000] percpu: Embedded 50 pages/cpu s167936 r8192 d28672 u1048576
[    0.000000] PV qspinlock hash table entries: 256 (order: 0, 4096 bytes)
[    0.000000] Built 1 zonelists, mobility grouping on.  Total pages: 257913
[    0.000000] Policy zone: DMA32
[    0.000000] Kernel command line: BOOT_IMAGE=/boot/vmlinuz-4.15.0-212-generic root=LABEL=cloudimg-rootfs ro console=tty1 console=ttyS0
[    0.000000] Memory: 982644K/1048120K available (12300K kernel code, 2477K rwdata, 4324K rodata, 2480K init, 2720K bss, 65476K reserved, 0K cma-reserved)
[    0.000000] SLUB: HWalign=64, Order=0-3, MinObjects=0, CPUs=2, Nodes=1
[    0.000000] ftrace: allocating 39508 entries in 155 pages
[    0.004000] Hierarchical RCU implementation.
[    0.004000] 	RCU restricting CPUs from NR_CPUS=8192 to nr_cpu_ids=2.
[    0.004000] 	Tasks RCU enabled.
[    0.004000] RCU: Adjusting geometry for rcu_fanout_leaf=16, nr_cpu_ids=2
[    0.004000] NR_IRQS: 524544, nr_irqs: 440, preallocated irqs: 16
[    0.004000] random: crng init done
[    0.004000] Console: colour VGA+ 80x25
[    0.004000] console [tty1] enabled
[    0.004000] console [ttyS0] enabled
[    0.004000] ACPI: Core revision 20170831
[    0.004000] ACPI: 2 ACPI AML tables successfully acquired and loaded
[    0.004000] APIC: Switch to symmetric I/O mode setup
[    0.008000] ..TIMER: vector=0x30 apic1=0 pin1=2 apic2=-1 pin2=-1
[    0.008012] tsc: Detected 2295.620 MHz processor
[    0.012011] Calibrating delay loop (skipped) preset value.. 4591.24 BogoMIPS (lpj=9182480)
[    0.016013] pid_max: default: 32768 minimum: 301
[    0.020129] Security Framework initialized
[    0.024011] Yama: becoming mindful.
[    0.028199] AppArmor: AppArmor initialized
[    0.042889] Dentry cache hash table entries: 131072 (order: 8, 1048576 bytes)
[    0.052184] Inode-cache hash table entries: 65536 (order: 7, 524288 bytes)
[    0.056162] Mount-cache hash table entries: 2048 (order: 2, 16384 bytes)
[    0.060171] Mountpoint-cache hash table entries: 2048 (order: 2, 16384 bytes)
[    0.066147] Last level iTLB entries: 4KB 1024, 2MB 1024, 4MB 512
[    0.068007] Last level dTLB entries: 4KB 1536, 2MB 1536, 4MB 768, 1GB 0
[    0.072007] Spectre V1 : Mitigation: usercopy/swapgs barriers and __user pointer sanitization
[    0.076007] Spectre V2 : Mitigation: Retpolines
[    0.080005] Spectre V2 : Spectre v2 / SpectreRSB mitigation: Filling RSB on context switch
[    0.084010] Spectre V2 : Spectre v2 / SpectreRSB : Filling RSB on VMEXIT
[    0.088009] RETBleed: Vulnerable
[    0.092242] Freeing SMP alternatives memory: 36K
[    0.213615] APIC calibration not consistent with PM-Timer: 102ms instead of 100ms
[    0.216000] APIC delta adjusted to PM-Timer: 6291178 (6465509)
[    0.216495] smpboot: CPU0: AMD Ryzen 7 3750H with Radeon Vega Mobile Gfx (family: 0x17, model: 0x18, stepping: 0x1)
[    0.224601] Performance Events: PMU not available due to virtualization, using software events only.
[    0.228183] Hierarchical SRCU implementation.
[    0.233283] NMI watchdog: Perf event create on CPU 0 failed with -2
[    0.236006] NMI watchdog: Perf NMI watchdog permanently disabled
[    0.240553] smp: Bringing up secondary CPUs ...
[    0.248839] x86: Booting SMP configuration:
[    0.252089] .... node  #0, CPUs:      #1
[    0.004000] kvm-clock: cpu 1, msr 0:3ff44041, secondary cpu clock
[    0.266791] TSC synchronization [CPU#0 -> CPU#1]:
[    0.268000] Measured 52655 cycles TSC warp between CPUs, turning off TSC clock.
[    0.268000] tsc: Marking TSC unstable due to check_tsc_sync_source failed
[    0.272342] smp: Brought up 1 node, 2 CPUs
[    0.276012] smpboot: Max logical packages: 1
[    0.280005] smpboot: Total of 2 processors activated (9182.48 BogoMIPS)
[    0.288171] devtmpfs: initialized
[    0.292689] x86/mm: Memory block size: 128MB
[    0.300774] evm: security.selinux
[    0.308004] evm: security.SMACK64
[    0.312005] evm: security.SMACK64EXEC
[    0.320003] evm: security.SMACK64TRANSMUTE
[    0.328004] evm: security.SMACK64MMAP
[    0.332003] evm: security.apparmor
[    0.336003] evm: security.ima
[    0.344004] evm: security.capability
[    0.352173] clocksource: jiffies: mask: 0xffffffff max_cycles: 0xffffffff, max_idle_ns: 7645041785100000 ns
[    0.356017] futex hash table entries: 512 (order: 3, 32768 bytes)
[    0.360470] pinctrl core: initialized pinctrl subsystem
[    0.364572] RTC time:  4:23:54, date: 12/19/24
[    0.369456] NET: Registered protocol family 16
[    0.372231] audit: initializing netlink subsys (disabled)
[    0.376380] audit: type=2000 audit(1734582239.970:1): state=initialized audit_enabled=0 res=1
[    0.380147] cpuidle: using governor ladder
[    0.384296] cpuidle: using governor menu
[    0.400856] ACPI: bus type PCI registered
[    0.408010] acpiphp: ACPI Hot Plug PCI Controller Driver version: 0.5
[    0.420812] PCI: Using configuration type 1 for base access
[    0.432006] PCI: Using configuration type 1 for extended access
[    0.444582] HugeTLB registered 2.00 MiB page size, pre-allocated 0 pages
[    0.464045] ACPI: Added _OSI(Module Device)
[    0.468007] ACPI: Added _OSI(Processor Device)
[    0.472008] ACPI: Added _OSI(3.0 _SCP Extensions)
[    0.476005] ACPI: Added _OSI(Processor Aggregator Device)
[    0.480005] ACPI: Added _OSI(Linux-Dell-Video)
[    0.484008] ACPI: Added _OSI(Linux-Lenovo-NV-HDMI-Audio)
[    0.488011] ACPI: Added _OSI(Linux-HPI-Hybrid-Graphics)
[    0.496306] ACPI: Executed 1 blocks of module-level executable AML code
[    0.508721] ACPI: Interpreter enabled
[    0.512024] ACPI: (supports S0 S5)
[    0.516009] ACPI: Using IOAPIC for interrupt routing
[    0.520545] PCI: Using host bridge windows from ACPI; if necessary, use "pci=nocrs" and report a bug
[    0.524460] ACPI: Enabled 2 GPEs in block 00 to 07
[    0.544163] ACPI: PCI Root Bridge [PCI0] (domain 0000 [bus 00-ff])
[    0.548012] acpi PNP0A03:00: _OSC: OS supports [ExtendedConfig ASPM ClockPM Segments MSI]
[    0.554037] acpi PNP0A03:00: _OSC: platform does not support [PCIeCapability]
[    0.560154] acpi PNP0A03:00: _OSC: not requesting control; platform does not support [PCIeCapability]
[    0.564008] acpi PNP0A03:00: _OSC: OS requested [PCIeHotplug PME AER PCIeCapability]
[    0.568008] acpi PNP0A03:00: _OSC: platform willing to grant [PCIeHotplug PME AER]
[    0.572006] acpi PNP0A03:00: _OSC failed (AE_SUPPORT); disabling ASPM
[    0.577284] PCI host bridge to bus 0000:00
[    0.580014] pci_bus 0000:00: root bus resource [io  0x0000-0x0cf7 window]
[    0.584010] pci_bus 0000:00: root bus resource [io  0x0d00-0xffff window]
[    0.588011] pci_bus 0000:00: root bus resource [mem 0x000a0000-0x000bffff window]
[    0.592012] pci_bus 0000:00: root bus resource [mem 0x40000000-0xfdffffff window]
[    0.596010] pci_bus 0000:00: root bus resource [bus 00-ff]
[    0.609926] pci 0000:00:01.1: legacy IDE quirk: reg 0x10: [io  0x01f0-0x01f7]
[    0.612014] pci 0000:00:01.1: legacy IDE quirk: reg 0x14: [io  0x03f6]
[    0.616009] pci 0000:00:01.1: legacy IDE quirk: reg 0x18: [io  0x0170-0x0177]
[    0.620009] pci 0000:00:01.1: legacy IDE quirk: reg 0x1c: [io  0x0376]
[    0.649849] pci 0000:00:07.0: quirk: [io  0x4000-0x403f] claimed by PIIX4 ACPI
[    0.652058] pci 0000:00:07.0: quirk: [io  0x4100-0x410f] claimed by PIIX4 SMB
[    0.666315] ACPI: PCI Interrupt Link [LNKA] (IRQs 5 9 10 *11)
[    0.668710] ACPI: PCI Interrupt Link [LNKB] (IRQs 5 9 *10 11)
[    0.672305] ACPI: PCI Interrupt Link [LNKC] (IRQs 5 *9 10 11)
[    0.676490] ACPI: PCI Interrupt Link [LNKD] (IRQs 5 9 10 *11)
[    0.681099] SCSI subsystem initialized
[    0.688456] pci 0000:00:02.0: vgaarb: setting as boot VGA device
[    0.692000] pci 0000:00:02.0: vgaarb: VGA device added: decodes=io+mem,owns=io+mem,locks=none
[    0.692014] pci 0000:00:02.0: vgaarb: bridge control possible
[    0.696010] vgaarb: loaded
[    0.700128] ACPI: bus type USB registered
[    0.704079] usbcore: registered new interface driver usbfs
[    0.708085] usbcore: registered new interface driver hub
[    0.712021] usbcore: registered new device driver usb
[    0.716316] EDAC MC: Ver: 3.0.0
[    0.728226] PCI: Using ACPI for IRQ routing
[    0.736563] NetLabel: Initializing
[    0.740005] NetLabel:  domain hash size = 128
[    0.748003] NetLabel:  protocols = UNLABELED CIPSOv4 CALIPSO
[    0.756026] NetLabel:  unlabeled traffic allowed by default
[    0.768601] clocksource: Switched to clocksource kvm-clock
[    0.787902] VFS: Disk quotas dquot_6.6.0
[    0.787902] VFS: Dquot-cache hash table entries: 512 (order 0, 4096 bytes)
[    0.787902] AppArmor: AppArmor Filesystem Enabled
[    0.787902] pnp: PnP ACPI init
[    0.787902] pnp: PnP ACPI: found 3 devices
[    0.917548] clocksource: acpi_pm: mask: 0xffffff max_cycles: 0xffffff, max_idle_ns: 2085701024 ns
[    0.920545] NET: Registered protocol family 2
[    0.920545] IP idents hash table entries: 16384 (order: 5, 131072 bytes)
[    0.940363] TCP established hash table entries: 8192 (order: 4, 65536 bytes)
[    0.951138] TCP bind hash table entries: 8192 (order: 5, 131072 bytes)
[    0.954552] TCP: Hash tables configured (established 8192 bind 8192)
[    0.954552] UDP hash table entries: 512 (order: 2, 16384 bytes)
[    0.954552] UDP-Lite hash table entries: 512 (order: 2, 16384 bytes)
[    0.954552] NET: Registered protocol family 1
[    0.954552] pci 0000:00:00.0: Limiting direct PCI/PCI transfers
[    0.954552] pci 0000:00:01.0: Activating ISA DMA hang workarounds
[    0.954552] pci 0000:00:02.0: Video device with shadowed ROM at [mem 0x000c0000-0x000dffff]
[    0.954552] Unpacking initramfs...
[    1.732448] Freeing initrd memory: 19528K
[    1.739304] clocksource: tsc: mask: 0xffffffffffffffff max_cycles: 0x21170bab74f, max_idle_ns: 440795261957 ns
[    1.750832] platform rtc_cmos: registered platform RTC device (no PNP device found)
[    1.761874] Scanning for low memory corruption every 60 seconds
[    1.773110] Initialise system trusted keyrings
[    1.779647] Key type blacklist registered
[    1.785261] workingset: timestamp_bits=36 max_order=18 bucket_order=0
[    1.797941] zbud: loaded
[    1.802910] squashfs: version 4.0 (2009/01/31) Phillip Lougher
[    1.813297] fuse init (API version 7.26)
[    1.868284] Key type asymmetric registered
[    1.872211] Asymmetric key parser 'x509' registered
[    1.878203] Block layer SCSI generic (bsg) driver version 0.4 loaded (major 246)
[    1.887008] io scheduler noop registered
[    1.894351] io scheduler deadline registered
[    1.900017] io scheduler cfq registered (default)
[    1.906949] ACPI: AC Adapter [AC] (on-line)
[    1.912450] input: Power Button as /devices/LNXSYSTM:00/LNXPWRBN:00/input/input0
[    1.921654] ACPI: Power Button [PWRF]
[    1.926733] input: Sleep Button as /devices/LNXSYSTM:00/LNXSLPBN:00/input/input1
[    1.937104] ACPI: Sleep Button [SLPF]
[    1.944689] Serial: 8250/16550 driver, 32 ports, IRQ sharing enabled
[    1.946943] ACPI: Battery Slot [BAT0] (battery present)
[    1.985820] 00:02: ttyS0 at I/O 0x3f8 (irq = 4, base_baud = 115200) is a 16550A
[    2.021450] Linux agpgart interface v0.103
[    2.045155] loop: module loaded
[    2.053134] scsi host0: ata_piix
[    2.060367] scsi host1: ata_piix
[    2.064135] ata1: PATA max UDMA/33 cmd 0x1f0 ctl 0x3f6 bmdma 0xd000 irq 14
[    2.073214] ata2: PATA max UDMA/33 cmd 0x170 ctl 0x376 bmdma 0xd008 irq 15
[    2.083988] tun: Universal TUN/TAP device driver, 1.6
[    2.091514] PPP generic driver version 2.4.2
[    2.097405] ehci_hcd: USB 2.0 'Enhanced' Host Controller (EHCI) Driver
[    2.105335] ehci-pci: EHCI PCI platform driver
[    2.111268] ehci-platform: EHCI generic platform driver
[    2.117811] ohci_hcd: USB 1.1 'Open' Host Controller (OHCI) Driver
[    2.125273] ohci-pci: OHCI PCI platform driver
[    2.131201] ohci-platform: OHCI generic platform driver
[    2.137787] uhci_hcd: USB Universal Host Controller Interface driver
[    2.145572] i8042: PNP: PS/2 Controller [PNP0303:PS2K,PNP0f03:PS2M] at 0x60,0x64 irq 1,12
[    2.161023] serio: i8042 KBD port at 0x60,0x64 irq 1
[    2.167528] serio: i8042 AUX port at 0x60,0x64 irq 12
[    2.174444] mousedev: PS/2 mouse device common for all mice
[    2.189526] rtc_cmos rtc_cmos: rtc core: registered rtc_cmos as rtc0
[    2.198006] input: AT Translated Set 2 keyboard as /devices/platform/i8042/serio0/input/input2
[    2.198709] rtc_cmos rtc_cmos: alarms up to one day, 114 bytes nvram
[    2.215584] i2c /dev entries driver
[    2.220348] device-mapper: uevent: version 1.0.3
[    2.226650] device-mapper: ioctl: 4.37.0-ioctl (2017-09-20) initialised: dm-devel@redhat.com
[    2.238970] ledtrig-cpu: registered to indicate activity on CPUs
[    2.286178] NET: Registered protocol family 10
[    2.301995] Segment Routing with IPv6
[    2.307540] NET: Registered protocol family 17
[    2.313701] Key type dns_resolver registered
[    2.325627] mce: Using 0 MCE banks
[    2.329697] RAS: Correctable Errors collector initialized.
[    2.335967] sched_clock: Marking stable (2335800360, 0)->(3490254633, -1154454273)
[    2.351136] registered taskstats version 1
[    2.356325] Loading compiled-in X.509 certificates
[    2.370402] Loaded X.509 cert 'Build time autogenerated kernel key: b5b26778eaa3ab3a4a6cee031137706e947d12ad'
[    2.382855] Loaded X.509 cert 'Canonical Ltd. Live Patch Signing: 14df34d1a87cf37625abec039ef2bf521249b969'
[    2.394615] Loaded X.509 cert 'Canonical Ltd. Kernel Module Signing: 88f752e560a1e0737e31163a466ad7b70a850c19'
[    2.406225] blacklist: Loading compiled-in revocation X.509 certificates
[    2.414163] Loaded X.509 cert 'Canonical Ltd. Secure Boot Signing: 61482aa2830d0ab2ad5af10b7250da9033ddcef0'
[    2.427624] Loaded X.509 cert 'Canonical Ltd. Secure Boot Signing (2017): 242ade75ac4a15e50d50c84b0d45ff3eae707a03'
[    2.443264] Loaded X.509 cert 'Canonical Ltd. Secure Boot Signing (ESM 2018): 365188c1d374d6b07c3c8f240f8ef722433d6a8b'
[    2.456456] Loaded X.509 cert 'Canonical Ltd. Secure Boot Signing (2019): c0746fd6c5da3ae827864651ad66ae47fe24b3e8'
[    2.470942] Loaded X.509 cert 'Canonical Ltd. Secure Boot Signing (2021 v1): a8d54bbb3825cfb94fa13c9f8a594a195c107b8d'
[    2.483146] Loaded X.509 cert 'Canonical Ltd. Secure Boot Signing (2021 v2): 4cf046892d6fd3c9a5b03f98d845f90851dc6a8c'
[    2.498357] Loaded X.509 cert 'Canonical Ltd. Secure Boot Signing (2021 v3): 100437bb6de6e469b581e61cd66bce3ef4ed53af'
[    2.511637] Loaded X.509 cert 'Canonical Ltd. Secure Boot Signing (Ubuntu Core 2019): c1d57b8f6b743f23ee41f4f7ee292f06eecadfb9'
[    2.526911] zswap: loaded using pool lzo/zbud
[    2.545736] Key type big_key registered
[    2.550535] Key type trusted registered
[    2.561574] Key type encrypted registered
[    2.568521] AppArmor: AppArmor sha1 policy hashing enabled
[    2.575072] ima: No TPM chip found, activating TPM-bypass! (rc=-19)
[    2.583675] ima: Allocated hash algorithm: sha1
[    2.590814] evm: HMAC attrs: 0x1
[    2.595762]   Magic number: 4:709:363
[    2.601519] rtc_cmos rtc_cmos: setting system clock to 2024-12-19 04:23:57 UTC (1734582237)
[    2.611759] BIOS EDD facility v0.16 2004-Jun-25, 0 devices found
[    2.619503] EDD information not available.
[    2.632426] Freeing unused kernel image memory: 2480K
[    2.653019] Write protecting the kernel read-only data: 20480k
[    2.662789] Freeing unused kernel image memory: 2008K
[    2.669671] Freeing unused kernel image memory: 1820K
[    2.684257] x86/mm: Checked W+X mappings: passed, no W+X pages found.
Loading, please wait...
starting version 237
[    2.813887] Fusion MPT base driver 3.04.20
[    2.819751] Copyright (c) 1999-2008 LSI Corporation
[    2.836420] e1000: Intel(R) PRO/1000 Network Driver - version 7.3.21-k8-NAPI
[    2.847763] e1000: Copyright (c) 1999-2006 Intel Corporation.
[    2.876017] Fusion MPT SPI Host driver 3.04.20
[    2.893069] SSE version of gcm_enc/dec engaged.
[    2.913338] mptbase: ioc0: Initiating bringup
[    3.052536] ioc0: LSI53C1030 A0: Capabilities={Initiator}
[    3.177815] input: ImExPS/2 Generic Explorer Mouse as /devices/platform/i8042/serio1/input/input4
[    3.381679] scsi host2: ioc0: LSI53C1030 A0, FwRev=00000000h, Ports=1, MaxQ=256, IRQ=20
[    3.562266] scsi 2:0:0:0: Direct-Access     VBOX     HARDDISK         1.0  PQ: 0 ANSI: 5
[    3.608091] scsi target2:0:0: Beginning Domain Validation
[    3.626361] scsi target2:0:0: Domain Validation skipping write tests
[    3.634094] scsi target2:0:0: Ending Domain Validation
[    3.641473] scsi target2:0:0: asynchronous
[    3.651145] scsi 2:0:1:0: Direct-Access     VBOX     HARDDISK         1.0  PQ: 0 ANSI: 5
[    3.936359] scsi target2:0:1: Beginning Domain Validation
[    3.959663] scsi target2:0:1: Domain Validation skipping write tests
[    3.969936] scsi target2:0:1: Ending Domain Validation
[    3.980780] scsi target2:0:1: asynchronous
[    4.004609] sd 2:0:0:0: Attached scsi generic sg0 type 0
[    4.014481] sd 2:0:0:0: [sda] 83886080 512-byte logical blocks: (42.9 GB/40.0 GiB)
[    4.029390] sd 2:0:1:0: [sdb] 20480 512-byte logical blocks: (10.5 MB/10.0 MiB)
[    4.045976] sd 2:0:1:0: Attached scsi generic sg1 type 0
[    4.055479] sd 2:0:0:0: [sda] Write Protect is off
[    4.065590] sd 2:0:1:0: [sdb] Write Protect is off
[    4.073826] sd 2:0:0:0: [sda] Incomplete mode parameter data
[    4.082227] sd 2:0:0:0: [sda] Assuming drive cache: write through
[    4.092519] sd 2:0:1:0: [sdb] Incomplete mode parameter data
[    4.101556] sd 2:0:1:0: [sdb] Assuming drive cache: write through
[    4.118908]  sda: sda1
[    4.126757] sd 2:0:0:0: [sda] Attached SCSI disk
[    4.149878] sd 2:0:1:0: [sdb] Attached SCSI disk
[    4.520766] e1000 0000:00:03.0 eth0: (PCI:33MHz:32-bit) 02:3b:7b:b7:3b:2d
[    4.528955] e1000 0000:00:03.0 eth0: Intel(R) PRO/1000 Network Connection
[    4.539623] e1000 0000:00:03.0 enp0s3: renamed from eth0
Begin: Loading essential drivers ... [    6.777176] raid6: sse2x1   gen()  7394 MB/s
[    6.828454] raid6: sse2x1   xor()  6381 MB/s
[    6.880546] raid6: sse2x2   gen() 14239 MB/s
[    6.936534] raid6: sse2x2   xor()  7412 MB/s
[    6.988165] raid6: sse2x4   gen() 13433 MB/s
[    7.040651] raid6: sse2x4   xor()  8518 MB/s
[    7.047988] raid6: using algorithm sse2x2 gen() 14239 MB/s
[    7.054916] raid6: .... xor() 7412 MB/s, rmw enabled
[    7.063829] raid6: using ssse3x2 recovery algorithm
[    7.073307] xor: measuring software checksum speed
[   11.517638]    prefetch64-sse: -844361.-296 MB/sec
[   11.630974]    generic_sse: 27539.000 MB/sec
[   11.637853] xor: using function: generic_sse (27539.000 MB/sec)
[   11.650566] async_tx: api initialized (async)
done.
Begin: Running /scripts/init-premount ... done.
Begin: Mounting root file system ... Begin: Running /scripts/local-top ... done.
Begin: Running /scripts/local-premount ... [   11.749081] Btrfs loaded, crc32c=crc32c-intel
Scanning for Btrfs filesystems
done.
Warning: fsck not present, so skipping root file system
[   11.841536] EXT4-fs (sda1): mounted filesystem with ordered data mode. Opts: (null)
done.
Begin: Running /scripts/local-bottom ... done.
Begin: Running /scripts/init-bottom ... done.
[   12.159446] ip_tables: (C) 2000-2006 Netfilter Core Team
[   12.192206] systemd[1]: systemd 237 running in system mode. (+PAM +AUDIT +SELINUX +IMA +APPARMOR +SMACK +SYSVINIT +UTMP +LIBCRYPTSETUP +GCRYPT +GNUTLS +ACL +XZ +LZ4 +SECCOMP +BLKID +ELFUTILS +KMOD -IDN2 +IDN -PCRE2 default-hierarchy=hybrid)
[   12.218328] systemd[1]: Detected virtualization oracle.
[   12.224713] systemd[1]: Detected architecture x86-64.

Welcome to [1mUbuntu 18.04.6 LTS[0m!

[   12.277166] systemd[1]: Set hostname to <ubuntu>.
[   12.294488] systemd[1]: Initializing machine ID from random generator.
[   12.303978] systemd[1]: Installed transient /etc/machine-id file.
[   12.785256] systemd[1]: Set up automount Arbitrary Executable File Formats File System Automount Point.
[[0;32m  OK  [0m] Set up automount Arbitrary Executab…rmats File System Automount Point.
[   12.804951] systemd[1]: Reached target User and Group Name Lookups.
[[0;32m  OK  [0m] Reached target User and Group Name Lookups.
[   12.834717] systemd[1]: Created slice System Slice.
[[0;32m  OK  [0m] Created slice System Slice.
[   12.844976] systemd[1]: Listening on /dev/initctl Compatibility Named Pipe.
[[0;32m  OK  [0m] Listening on /dev/initctl Compatibility Named Pipe.
[[0;32m  OK  [0m] Listening on Journal Socket.
         Starting Load Kernel Modules...
         Mounting Kernel Debug File System...
         Starting Uncomplicated firewall...
[[0;32m  OK  [0m] Listening on udev Kernel Socket.
         Mounting POSIX Message Queue File System...
         Mounting Huge Pages File System...
[[0;32m  OK  [0m] Reached target System Time Synchronized.
[[0;32m  OK  [0m] Listening on Syslog Socket.
         Starting Create list of required st…ce nodes for the current kernel...
[[0;32m  OK  [0m] Listening on fsck to fsckd communication Socket.
         Starting File System Check on Root Device...
[[0;32m  OK  [0m] Created slice User and Session Slice.
[[0;32m  OK  [0m] Reached target Slices.
[[0;32m  OK  [0m] Listening on Network Service Netlink Socket.
[[0;32m  OK  [0m] Listening on udev Control Socket.
[   12.943311] Loading iSCSI transport class v2.0-870.
         Starting udev Coldplug all Devices...
[[0;32m  OK  [0m] Reached target Mounting snaps.
[[0;32m  OK  [0m] Reached target Mounted snaps.
[[0;32m  OK  [0m] Listening on LVM2 metadata daemon socket.
[[0;32m  OK  [0m] Reached target Swap.
[[0;32m  OK  [0m] Created slice system-serial\x2dgetty.slice.
[[0;32m  OK  [0m] Listening on Device-mapper event daemon FIFOs.
         Starting Monitoring of LVM2 mirrors…ng dmeventd or progress polling...
[[0;32m  OK  [0m] Listening on Journal Socket (/dev/log).
         Starting Set the console keyboard layout...
[[0;32m  OK  [0m] Listening on LVM2 poll daemon socket.
[[0;32m  OK  [0m] Started Forward Password Requests to Wall Directory Watch.
[[0;32m  OK  [0m] Listening on Journal Audit Socket.
[   13.052966] iscsi: registered transport (tcp)
         Starting Journal Service...
[[0;32m  OK  [0m] Mounted Kernel Debug File System.
[[0;32m  OK  [0m] Started Uncomplicated firewall.
[[0;32m  OK  [0m] Mounted POSIX Message Queue File System.
[[0;32m  OK  [0m] Mounted Huge Pages File System.
[[0;32m  OK  [0m] Started Create list of required sta…vice nodes for the current kernel.
[[0;32m  OK  [0m] Started File System Check on Root Device.
[[0;32m  OK  [0m] Started File System Check Daemon to report status.
         Starting Remount Root and Kernel File Systems...
         Starting Create Static Device Nodes in /dev...
[[0;32m  OK  [0m] Started LVM2 metadata daemon.
[[0;32m  OK  [0m] Started udev Coldplug all Devices.
[[0;32m  OK  [0m] Started Journal Service.
[[0;32m  OK  [0m] Started Create Static Device Nodes in /dev.
[   13.264025] EXT4-fs (sda1): re-mounted. Opts: (null)
[[0;32m  OK  [0m] Started Remount Root and Kernel File Systems.
         Starting Load/Save Random Seed...
         Starting Flush Journal to Persistent Storage...
         Starting udev Kernel Device Manager...
[   13.315671] systemd-journald[423]: Received request to flush runtime journal from PID 1
[[0;32m  OK  [0m] Started Load/Save Random Seed.
[[0;32m  OK  [0m] Started udev Kernel Device Manager.
[[0;32m  OK  [0m[   13.479709] iscsi: registered transport (iser)
] Started Monitoring of LVM2 mirrors,…sing dmeventd or progress polling.
[[0;32m  OK  [0m] Started Load Kernel Modules.
[[0;32m  OK  [0m] Started Flush Journal to Persistent Storage.
         Starting Apply Kernel Variables...
         Mounting Kernel Configuration File System...
         Mounting FUSE Control File System...
[[0;32m  OK  [0m] Mounted Kernel Configuration File System.
[[0;32m  OK  [0m] Started Apply Kernel Variables.
[[0;32m  OK  [0m] Mounted FUSE Control File System.
[[0;32m  OK  [0m] Found device /dev/ttyS0.
[[0;32m  OK  [0m] Listening on Load/Save RF Kill Switch Status /dev/rfkill Watch.
[[0;32m  OK  [0m] Started Set the console keyboard layout.
[[0;32m  OK  [0m] Started Dispatch Password Requests to Console Directory Watch.
[[0;32m  OK  [0m] Reached target Local Encrypted Volumes.
[[0;32m  OK  [0m] Reached target Local File Systems (Pre).
[[0;32m  OK  [0m] Reached target Local File Systems.
         Starting ebtables ruleset management...
         Starting AppArmor initialization...
         Starting Set console font and keymap...
         Starting Tell Plymouth To Write Out Runtime Data...
         Starting Commit a transient machine-id on disk...
         Starting Create Volatile Files and Directories...
[[0;32m  OK  [0m] Started Tell Plymouth To Write Out Runtime Data.
[[0;32m  OK  [0m] Started Create Volatile Files and Directories.
         Starting Update UTMP about System Boot/Shutdown...
[[0;32m  OK  [0m] Started Update UTMP about System Boot/Shutdown.
[[0;32m  OK  [0m] Started Commit a transient machine-id on disk.
[[0;32m  OK  [0m] Started ebtables ruleset management.
         Mounting Arbitrary Executable File Formats File System...
[[0;32m  OK  [0m] Mounted Arbitrary Executable File Formats File System.
[[0;32m  OK  [0m] Started AppArmor initialization.
         Starting Initial cloud-init job (pre-networking)...
         Starting Load AppArmor profiles managed internally by snapd...
[[0;32m  OK  [0m] Started Load AppArmor profiles managed internally by snapd.
[[0;32m  OK  [0m] Started Set console font and keymap.
[   19.172280] cloud-init[767]: Cloud-init v. 23.1.2-0ubuntu0~18.04.1 running 'init-local' at Thu, 19 Dec 2024 04:24:13 +0000. Up 18.58 seconds.
[[0;32m  OK  [0m] Started Initial cloud-init job (pre-networking).
[[0;32m  OK  [0m] Reached target Network (Pre).
         Starting Network Service...
[[0;32m  OK  [0m] Started Network Service.
         Starting Wait for Network to be Configured...
         Starting Network Name Resolution...
[[0;32m  OK  [0m] Started Network Name Resolution.
[[0;32m  OK  [0m] Reached target Network.
[[0;32m  OK  [0m] Reached target Host and Network Name Lookups.
[[0;32m  OK  [0m] Started Wait for Network to be Configured.
         Starting Initial cloud-init job (metadata service crawler)...
[   22.245386] cloud-init[931]: Cloud-init v. 23.1.2-0ubuntu0~18.04.1 running 'init' at Thu, 19 Dec 2024 04:24:16 +0000. Up 22.08 seconds.
[   22.258274] cloud-init[931]: ci-info: ++++++++++++++++++++++++++++++++++++++Net device info++++++++++++++++++++++++++++++++++++++
[   22.271353] cloud-init[931]: ci-info: +--------+------+----------------------------+---------------+--------+-------------------+
[   22.281289] cloud-init[931]: ci-info: | Device |  Up  |          Address           |      Mask     | Scope  |     Hw-Address    |
[   22.293662] cloud-init[931]: ci-info: +--------+------+----------------------------+---------------+--------+-------------------+
[   22.304568] cloud-init[931]: ci-info: | enp0s3 | True |         10.0.2.15          | 255.255.255.0 | global | 02:3b:7b:b7:3b:2d |
[   22.314935] cloud-init[931]: ci-info: | enp0s3 | True | fe80::3b:7bff:feb7:3b2d/64 |       .       |  link  | 02:3b:7b:b7:3b:2d |
[   22.326318] cloud-init[931]: ci-info: |   lo   | True |         127.0.0.1          |   255.0.0.0   |  host  |         .         |
[   22.336810] cloud-init[931]: ci-info: |   lo   | True |          ::1/128           |       .       |  host  |         .         |
[   22.347399] cloud-init[931]: ci-info: +--------+------+----------------------------+---------------+--------+-------------------+
[   22.358011] cloud-init[931]: ci-info: ++++++++++++++++++++++++++++Route IPv4 info+++++++++++++++++++++++++++++
[   22.369349] cloud-init[931]: ci-info: +-------+-------------+----------+-----------------+-----------+-------+
[   22.378534] cloud-init[931]: ci-info: | Route | Destination | Gateway  |     Genmask     | Interface | Flags |
[   22.387467] cloud-init[931]: ci-info: +-------+-------------+----------+-----------------+-----------+-------+
[   22.399669] cloud-init[931]: ci-info: |   0   |   0.0.0.0   | 10.0.2.2 |     0.0.0.0     |   enp0s3  |   UG  |
[   22.409688] cloud-init[931]: ci-info: |   1   |   10.0.2.0  | 0.0.0.0  |  255.255.255.0  |   enp0s3  |   U   |
[   22.419517] cloud-init[931]: ci-info: |   2   |   10.0.2.2  | 0.0.0.0  | 255.255.255.255 |   enp0s3  |   UH  |
[   22.429646] cloud-init[931]: ci-info: +-------+-------------+----------+-----------------+-----------+-------+
[   22.437061] cloud-init[931]: ci-info: +++++++++++++++++++Route IPv6 info+++++++++++++++++++
[   22.446531] cloud-init[931]: ci-info: +-------+-------------+---------+-----------+-------+
[   22.457786] cloud-init[931]: ci-info: | Route | Destination | Gateway | Interface | Flags |
[   22.467698] cloud-init[931]: ci-info: +-------+-------------+---------+-----------+-------+
[   22.478271] cloud-init[931]: ci-info: |   1   |  fe80::/64  |    ::   |   enp0s3  |   U   |
[   22.492016] cloud-init[931]: ci-info: |   3   |    local    |    ::   |   enp0s3  |   U   |
[   22.505195] cloud-init[931]: ci-info: |   4   |   ff00::/8  |    ::   |   enp0s3  |   U   |
[   22.515480] cloud-init[931]: ci-info: +-------+-------------+---------+-----------+-------+
[   23.613428] cloud-init[931]: Generating public/private rsa key pair.
[   23.627022] cloud-init[931]: Your identification has been saved in /etc/ssh/ssh_host_rsa_key.
[   23.641797] cloud-init[931]: Your public key has been saved in /etc/ssh/ssh_host_rsa_key.pub.
[   23.654308] cloud-init[931]: The key fingerprint is:
[   23.661645] cloud-init[931]: SHA256:J8pu85HXQ5HUC2bf9Azt5GUaswboLYU0/VgqpxZ1kyE root@ubuntu-bionic
[   23.670927] cloud-init[931]: The key's randomart image is:
[   23.681480] cloud-init[931]: +---[RSA 2048]----+
[   23.687924] cloud-init[931]: |         .o+E..+ |
[   23.695881] cloud-init[931]: |          ooOoX *|
[   23.706868] cloud-init[931]: |         . *oX ^o|
[   23.716791] cloud-init[931]: |          = =.B *|[[0;32m  OK  [0m] Started Initial cloud-init job (metadata service crawler).
[[0;32m  OK  [0m] Reached target Network is Online.

[   23.734415] cloud-init[931]: |        S .*..   |
[   23.735692] cloud-init[931]: |     . . +oo     |
[   23.735785] cloud-init[931]: |      o o.. o    |
[   23.735841] cloud-init[931]: |     .o  o   .   |
[   23.735896] cloud-init[931]: |     ..o.        |
[   23.735948] cloud-init[931]: +----[SHA256]-----+
[   23.735998] cloud-init[931]: Generating public/private dsa key pair.
[   23.736045] cloud-init[931]: Your identification has been saved in /etc/ssh/ssh_host_dsa_key.
[   23.738381] cloud-init[931]: Your public key has been saved in /etc/ssh/ssh_host_dsa_key.pub.
[   23.739939] cloud-init[931]: The key fingerprint is:
[[0;32m  OK  [0m] Reached target Remote File Systems (Pre).
[[0;32m  OK  [0m] Reached target Remote File Systems.
[   23.741579] cloud-init         Starting Availability of block devices...
[[0;32m  OK  [0m] Reached target System Initialization.
[[0;32m  OK  [0m] Listening on UUID daemon activation socket.
         Starting Socket activation for snappy daemon.
[[0;32m  OK  [0m] Listening on Open-iSCSI iscsid Socket.
[[0;32m  OK  [0m] Started Daily apt download activities.
[[0;32m  OK  [0m] Started Message of the Day.
[[0;32m  OK  [0m] Started Daily Cleanup of Temporary Directories.
[[0;32m  OK  [0m] Listening on D-Bus System Message Bus Socket.
         Starting LXD - unix socket.
[[0;32m  OK  [0m] Started Discard unused blocks once a week.
[[0;32m  OK  [0m] Started Ubuntu Advantage Timer for running repeated jobs.
[[0;32m  OK  [0m] Started Daily apt upgrade and clean activities.
[[0;32m  OK  [0m] Reached target Timers.
[[0;32m  OK  [0m] Listening on cloud-init hotplug hook socket.
[[0;32m  OK  [0m] Listening on ACPID Listen Socket.
[[0;32m  OK  [0m] Started ACPI Events Check.
[[0;32m  OK  [0m] Reached target Paths.
[[0;32m  OK  [0m] Reached target Cloud-config availability.
[[0;32m  OK  [0m] Started Availability of block devices.
[[0;32m  OK  [0m] Listening on LXD - unix socket.
[931]: [[0;32m  OK  [0m] Listening on Socket activation for snappy daemon.
[[0;32m  OK  [0m] Reached target Sockets.
[[0;32m  OK  [0m] Reached target Basic System.
[[0;32m  OK  [0m] Started D-Bus System Message Bus.
SHA256:SgXhApeJQcJDDDBZtRh7fJURlOvS400rFSaScfftfuk root@ubuntu-bionic
[   23.838416] cloud-init[931]: The key's randomart image is:
[   23.846096] cloud-init[931]: +---[DSA 1024]----+
[   23.854944] cloud-init[931]: |@=*+oooo==       |
[   23.862603] cloud-init[931]: |.*.Boo.o+ .      |
[   23.870665] cloud-init[931]: [[0;32m  OK  [0m] Started Deferred execution scheduler.
         Starting LXD - container startup/shutdown...
|  + = o+.o . .   |
         Starting Pollinate to seed the pseudo random number generator...
         Starting Virtualbox guest utils...
[   23.891449] [[0;32m  OK  [0m] Started irqbalance daemon.
         Starting Permit User Sessions...
cloud-init[931]: |   . oo.o o . .  |
[   23.912251] cloud-init[931]: |      .+So . .   |
[   23.921794] cloud-init[931]: |     ...+ o   .  |
[   23.928197] cloud-init[931]: |      .o = . .  .|
[   23.935706] cloud-init[931]: |        o o   ...|
[   23.942826] cloud-init[931]: |         .    .E |
[   23.951569] cloud-init[931]: +----[SHA256]-----+
[   23.958510] cloud-init[931]: Generating public/private ecdsa key pair.
[   23.966288] cloud-init[931]: Your identification has been saved in /etc/ssh/ssh_host_ecdsa_key.
[   23.975604] cloud-init[931]: Your public key has been saved in /etc/ssh/ssh_host_ecdsa_key.pub.
[   23.986170] cloud-init[931]: The key fingerprint is:
[   23.999232] cloud-init[931]: SHA256:rcb7RzJTeRXMfLj/zGMqUhYl3fZmZy5bnjiEvBm5oJs root@ubuntu-bionic
[   24.010295] cloud-init[931]: The key's randomart image is:         Starting Snap Daemon...
         Starting Accounts Service...

[   24.034560] cloud-init[931]: +---[ECDSA 256]---+
[   24.048732] cloud-init[931]: |            . =o.|
[   24.055648] cloud-init[931]:          Starting Dispatcher daemon for systemd-networkd...
[[0;32m  OK  [0m] Started FUSE filesystem for LXC.
[[0;32m  OK  [0m] Reached target Login Prompts (Pre).
         Starting LSB: Record successful boot for GRUB...
         Starting LSB: automatic crash report generation...
|           . o.*o|
[   24.081317] cloud-init[931]: |            o..oo|
[   24.091909] cloud-init[931]: |         . .o o *|
[   24.098432] cloud-init[931]: |        S o.+. *.|
[   24.105746] cloud-init[931]: |       . o+B... +|
[[0;32m  OK  [0m] Started Regular background program processing daemon.
         Starting System Logging Service...
         Starting Login Service...
[   24.123058] cloud-init[931]: |        = +=* .Bo|
[[0;32m  OK  [0m] Started Permit User Sessions.
[   24.138286]          Starting Terminate Plymouth Boot Screen...
         Starting Hold until boot process finishes up...
[[0;32m  OK  [0m] Started Terminate Plymouth Boot Screen.
cloud-init[[0;32m  OK  [0m] Started Hold until boot process finishes up.[931]: 
         Starting Set console scheme...
[[0;32m  OK  [0m] |       o.o =.o.+=|Started Serial Getty on ttyS0.

[   24.251485] cloud-init[931]: |       Eo.o...+ .|
[   24.257574] cloud-init[931]: +----[SHA256]-----+
[   24.266955] cloud-init[931]: Generating public/private ed25519 key pair.
[   24.276482] cloud-init[931]: Your identification has been saved in /etc/ssh/ssh_host_ed25519_key.
[   24.286522] cloud-init[931]: Your public key has been saved in /etc/ssh/ssh_host_ed25519_key.pub.
[   24.300056] cloud-init[931]: The key fingerprint is:
[   24.309462] cloud-init[931]: SHA256:SZAKQNntErM4SXmvA7RxRlouyR3AtfQS6NfS4JGLKKg root@ubuntu-bionic
[   24.319360] cloud-init[931]: The key's randomart image is:
[   24.326893] cloud-init[931]: +--[ED25519 256]--+
[   24.331791] cloud-init[931]: |++OBo ..         |
[   24.339647] cloud-init[931]: |.OO@=...         |
[   24.355502] cloud-init[931]: |*=@*%o  .        |
[   24.367135] cloud-init[931]: |+O.Bo= . .       |
[   24.373920] cloud-init[[0;32m  OK  [0m] Started System Logging Service.
[931]: |o + +   S        |
[   24.394955] cloud-init[931]: |E  o             |
[   24.411825] cloud-init[931]: |    .            |
[   24.419318] cloud-init[931]: |                 |
[   24.427075] cloud-init[931]: |                 |
[   24.433633] cloud-init[931]: +----[SHA256]-----+
[[0;32m  OK  [0m] Started Set console scheme.
[[0;32m  OK  [0m] Created slice system-getty.slice.
[[0;32m  OK  [0m] Started Getty on tty1.
[[0;32m  OK  [0m] Reached target Login Prompts.
[[0;32m  OK  [0m] Started LSB: automatic crash report generation.
[[0;32m  OK  [0m] Started Login Service.
[[0;32m  OK  [0m] Started Unattended Upgrades Shutdown.
[[0;32m  OK  [0m] Started LXD - container startup/shutdown.
         Starting Authorization Manager...
[[0;32m  OK  [0m] Started LSB: Record successful boot for GRUB.
[[0;32m  OK  [0m] Started Authorization Manager.
[[0;32m  OK  [0m] Started Accounts Service.
[[0;32m  OK  [0m] Started Virtualbox guest utils.
[[0;32m  OK  [0m] Started Dispatcher daemon for systemd-networkd.
[[0;32m  OK  [0m] Started Snap Daemon.
         Starting Wait until snapd is fully seeded...
[[0;32m  OK  [0m] Started Pollinate to seed the pseudo random number generator.
         Starting OpenBSD Secure Shell server...
[[0;32m  OK  [0m] Started OpenBSD Secure Shell server.
[[0;32m  OK  [0m] Created slice User Slice of vagrant.
         Starting User Manager for UID 1000...
[[0;32m  OK  [0m] Started Session 1 of user vagrant.
[[0;32m  OK  [0m] Started User Manager for UID 1000.
         Starting Time & Date Service...
[[0;32m  OK  [0m] Started Time & Date Service.

Ubuntu 18.04.6 LTS ubuntu-bionic ttyS0

ubuntu-bionic login: [   32.344803] cloud-init[1549]: Cloud-init v. 23.1.2-0ubuntu0~18.04.1 running 'modules:config' at Thu, 19 Dec 2024 04:24:26 +0000. Up 31.66 seconds.
ci-info: no authorized SSH keys fingerprints found for user ubuntu.
<14>Dec 19 04:24:28 cloud-init: #############################################################
<14>Dec 19 04:24:28 cloud-init: -----BEGIN SSH HOST KEY FINGERPRINTS-----
<14>Dec 19 04:24:28 cloud-init: 1024 SHA256:SgXhApeJQcJDDDBZtRh7fJURlOvS400rFSaScfftfuk root@ubuntu-bionic (DSA)
<14>Dec 19 04:24:28 cloud-init: 256 SHA256:rcb7RzJTeRXMfLj/zGMqUhYl3fZmZy5bnjiEvBm5oJs root@ubuntu-bionic (ECDSA)
<14>Dec 19 04:24:28 cloud-init: 256 SHA256:SZAKQNntErM4SXmvA7RxRlouyR3AtfQS6NfS4JGLKKg root@ubuntu-bionic (ED25519)
<14>Dec 19 04:24:28 cloud-init: 2048 SHA256:J8pu85HXQ5HUC2bf9Azt5GUaswboLYU0/VgqpxZ1kyE root@ubuntu-bionic (RSA)
<14>Dec 19 04:24:28 cloud-init: -----END SSH HOST KEY FINGERPRINTS-----
<14>Dec 19 04:24:28 cloud-init: #############################################################
-----BEGIN SSH HOST KEY KEYS-----
ecdsa-sha2-nistp256 AAAAE2VjZHNhLXNoYTItbmlzdHAyNTYAAAAIbmlzdHAyNTYAAABBBLd24zP1yUhxO576HHLTXeXKJXaPHpBxDDuTn5BCb7/cDXrsA9pA2z2n/pPQhCiaTZqlN0E5rUsI2j9VfmqtQ30= root@ubuntu-bionic
ssh-ed25519 AAAAC3NzaC1lZDI1NTE5AAAAILXmo2LjsatmWOpmvUNo56qS5pMhO0RtvIYAU2DtJnmA root@ubuntu-bionic
ssh-rsa AAAAB3NzaC1yc2EAAAADAQABAAABAQCf6mam84OCifo2ml/MpctGniWxl/89Iu5Zig+FBOuwrRLaKTChaogFmmWIIYkFj29pYLEhVjcMe9hWZ+P8KypyHevlNKNk01qzXlUZ5S8M96SkWT1nY5JRG+FYrSUF5lqjEBoeBOCzk8o5DsUBk+yq7Vx1zD5HBREHYSKj9AQbfvhnYJRtAvy2Mf3xWB97Xt0tK7j3gnxaUoAkip9CliEjJx4aFeCakHDgKYvVQxMqqDdJVurJ9mMVPE7USY0TS4HCqc4JEKaq5HlXUVsM86KzthjCUTahFcG8GGakpycD4SMOOCWBAHMkFLMdSQdQLIb/0Or5AUCv0Tn/A9M1qpn5 root@ubuntu-bionic
-----END SSH HOST KEY KEYS-----
[   33.592241] cloud-init[1718]: Cloud-init v. 23.1.2-0ubuntu0~18.04.1 running 'modules:final' at Thu, 19 Dec 2024 04:24:28 +0000. Up 33.21 seconds.
[   33.592939] cloud-init[1718]: Cloud-init v. 23.1.2-0ubuntu0~18.04.1 finished at Thu, 19 Dec 2024 04:24:28 +0000. Datasource DataSourceNoCloud [seed=/dev/sdb][dsmode=net].  Up 33.58 seconds
